2025-08-13 16:12:31.092 [info] [main] Log level: Info
2025-08-13 16:12:31.092 [info] [main] Validating found git in: "git"
2025-08-13 16:12:31.092 [info] [main] Using git "2.50.1" from "git"
2025-08-13 16:12:31.092 [info] [Model][doInitialScan] Initial repository scan started
2025-08-13 16:12:31.092 [info] > git rev-parse --show-toplevel [8ms]
2025-08-13 16:12:31.092 [info] fatal: not a git repository (or any of the parent directories): .git
2025-08-13 16:12:31.092 [info] > git rev-parse --show-toplevel [2ms]
2025-08-13 16:12:31.092 [info] fatal: not a git repository (or any of the parent directories): .git
2025-08-13 16:12:31.092 [info] > git rev-parse --show-toplevel [4ms]
2025-08-13 16:12:31.092 [info] fatal: not a git repository (or any of the parent directories): .git
2025-08-13 16:12:31.092 [info] > git rev-parse --show-toplevel [2ms]
2025-08-13 16:12:31.092 [info] fatal: not a git repository (or any of the parent directories): .git
2025-08-13 16:12:31.092 [info] > git rev-parse --show-toplevel [2ms]
2025-08-13 16:12:31.092 [info] fatal: not a git repository (or any of the parent directories): .git
2025-08-13 16:12:31.092 [info] > git rev-parse --show-toplevel [1ms]
2025-08-13 16:12:31.092 [info] fatal: not a git repository (or any of the parent directories): .git
2025-08-13 16:12:31.092 [info] > git rev-parse --show-toplevel [1ms]
2025-08-13 16:12:31.092 [info] fatal: not a git repository (or any of the parent directories): .git
2025-08-13 16:12:31.092 [info] > git rev-parse --show-toplevel [2ms]
2025-08-13 16:12:31.092 [info] fatal: not a git repository (or any of the parent directories): .git
2025-08-13 16:12:31.092 [info] > git rev-parse --show-toplevel [2ms]
2025-08-13 16:12:31.092 [info] fatal: not a git repository (or any of the parent directories): .git
2025-08-13 16:12:31.092 [info] > git rev-parse --show-toplevel [1ms]
2025-08-13 16:12:31.092 [info] fatal: not a git repository (or any of the parent directories): .git
2025-08-13 16:12:31.092 [info] > git rev-parse --show-toplevel [1ms]
2025-08-13 16:12:31.092 [info] fatal: not a git repository (or any of the parent directories): .git
2025-08-13 16:12:31.092 [info] > git rev-parse --show-toplevel [1ms]
2025-08-13 16:12:31.092 [info] fatal: not a git repository (or any of the parent directories): .git
2025-08-13 16:12:31.093 [info] > git rev-parse --show-toplevel [37ms]
2025-08-13 16:12:31.093 [info] fatal: not a git repository (or any of the parent directories): .git
2025-08-13 16:12:31.107 [info] > git rev-parse --show-toplevel [4ms]
2025-08-13 16:12:31.107 [info] fatal: not a git repository (or any of the parent directories): .git
2025-08-13 16:12:31.178 [info] > git rev-parse --show-toplevel [33ms]
2025-08-13 16:12:31.178 [info] fatal: not a git repository (or any of the parent directories): .git
2025-08-13 16:12:31.186 [info] > git rev-parse --show-toplevel [1ms]
2025-08-13 16:12:31.186 [info] fatal: not a git repository (or any of the parent directories): .git
2025-08-13 16:12:31.191 [info] > git rev-parse --show-toplevel [1ms]
2025-08-13 16:12:31.191 [info] fatal: not a git repository (or any of the parent directories): .git
2025-08-13 16:12:31.197 [info] > git rev-parse --show-toplevel [2ms]
2025-08-13 16:12:31.197 [info] fatal: not a git repository (or any of the parent directories): .git
2025-08-13 16:12:31.210 [info] > git rev-parse --show-toplevel [1ms]
2025-08-13 16:12:31.210 [info] fatal: not a git repository (or any of the parent directories): .git
2025-08-13 16:12:31.218 [info] > git rev-parse --show-toplevel [1ms]
2025-08-13 16:12:31.218 [info] fatal: not a git repository (or any of the parent directories): .git
2025-08-13 16:12:31.224 [info] > git rev-parse --show-toplevel [1ms]
2025-08-13 16:12:31.224 [info] fatal: not a git repository (or any of the parent directories): .git
2025-08-13 16:12:31.227 [info] > git rev-parse --show-toplevel [0ms]
2025-08-13 16:12:31.227 [info] fatal: not a git repository (or any of the parent directories): .git
2025-08-13 16:12:31.232 [info] > git rev-parse --show-toplevel [1ms]
2025-08-13 16:12:31.232 [info] fatal: not a git repository (or any of the parent directories): .git
2025-08-13 16:12:31.238 [info] > git rev-parse --show-toplevel [1ms]
2025-08-13 16:12:31.238 [info] fatal: not a git repository (or any of the parent directories): .git
2025-08-13 16:12:31.243 [info] > git rev-parse --show-toplevel [1ms]
2025-08-13 16:12:31.243 [info] fatal: not a git repository (or any of the parent directories): .git
2025-08-13 16:12:31.247 [info] > git rev-parse --show-toplevel [1ms]
2025-08-13 16:12:31.247 [info] fatal: not a git repository (or any of the parent directories): .git
2025-08-13 16:12:31.252 [info] > git rev-parse --show-toplevel [1ms]
2025-08-13 16:12:31.252 [info] fatal: not a git repository (or any of the parent directories): .git
2025-08-13 16:12:31.257 [info] > git rev-parse --show-toplevel [1ms]
2025-08-13 16:12:31.257 [info] fatal: not a git repository (or any of the parent directories): .git
2025-08-13 16:12:31.262 [info] > git rev-parse --show-toplevel [2ms]
2025-08-13 16:12:31.262 [info] fatal: not a git repository (or any of the parent directories): .git
2025-08-13 16:12:31.266 [info] > git rev-parse --show-toplevel [1ms]
2025-08-13 16:12:31.266 [info] fatal: not a git repository (or any of the parent directories): .git
2025-08-13 16:12:31.271 [info] > git rev-parse --show-toplevel [1ms]
2025-08-13 16:12:31.271 [info] fatal: not a git repository (or any of the parent directories): .git
2025-08-13 16:12:31.275 [info] > git rev-parse --show-toplevel [1ms]
2025-08-13 16:12:31.275 [info] fatal: not a git repository (or any of the parent directories): .git
2025-08-13 16:12:31.279 [info] > git rev-parse --show-toplevel [1ms]
2025-08-13 16:12:31.279 [info] fatal: not a git repository (or any of the parent directories): .git
2025-08-13 16:12:31.286 [info] > git rev-parse --show-toplevel [1ms]
2025-08-13 16:12:31.286 [info] fatal: not a git repository (or any of the parent directories): .git
2025-08-13 16:12:31.290 [info] > git rev-parse --show-toplevel [1ms]
2025-08-13 16:12:31.290 [info] fatal: not a git repository (or any of the parent directories): .git
