2025-08-13 13:09:12.142 [info] [main] Log level: Info
2025-08-13 13:09:12.142 [info] [main] Validating found git in: "git"
2025-08-13 13:09:12.142 [info] [main] Using git "2.50.1" from "git"
2025-08-13 13:09:12.142 [info] [Model][doInitialScan] Initial repository scan started
2025-08-13 13:09:12.142 [info] > git rev-parse --show-toplevel [3ms]
2025-08-13 13:09:12.142 [info] fatal: not a git repository (or any of the parent directories): .git
2025-08-13 13:09:12.142 [info] > git rev-parse --show-toplevel [3ms]
2025-08-13 13:09:12.142 [info] fatal: not a git repository (or any of the parent directories): .git
2025-08-13 13:09:12.142 [info] > git rev-parse --show-toplevel [2ms]
2025-08-13 13:09:12.142 [info] fatal: not a git repository (or any of the parent directories): .git
2025-08-13 13:09:12.142 [info] > git rev-parse --show-toplevel [2ms]
2025-08-13 13:09:12.142 [info] fatal: not a git repository (or any of the parent directories): .git
2025-08-13 13:09:12.142 [info] > git rev-parse --show-toplevel [4ms]
2025-08-13 13:09:12.142 [info] fatal: not a git repository (or any of the parent directories): .git
2025-08-13 13:09:12.142 [info] > git rev-parse --show-toplevel [2ms]
2025-08-13 13:09:12.142 [info] fatal: not a git repository (or any of the parent directories): .git
2025-08-13 13:09:12.142 [info] > git rev-parse --show-toplevel [2ms]
2025-08-13 13:09:12.142 [info] fatal: not a git repository (or any of the parent directories): .git
2025-08-13 13:09:12.142 [info] > git rev-parse --show-toplevel [2ms]
2025-08-13 13:09:12.142 [info] fatal: not a git repository (or any of the parent directories): .git
2025-08-13 13:09:12.142 [info] > git rev-parse --show-toplevel [2ms]
2025-08-13 13:09:12.142 [info] fatal: not a git repository (or any of the parent directories): .git
2025-08-13 13:09:12.143 [info] > git rev-parse --show-toplevel [2ms]
2025-08-13 13:09:12.143 [info] fatal: not a git repository (or any of the parent directories): .git
2025-08-13 13:09:12.207 [info] > git rev-parse --show-toplevel [58ms]
2025-08-13 13:09:12.207 [info] fatal: not a git repository (or any of the parent directories): .git
2025-08-13 13:09:12.274 [info] > git rev-parse --show-toplevel [56ms]
2025-08-13 13:09:12.274 [info] fatal: not a git repository (or any of the parent directories): .git
2025-08-13 13:09:12.335 [info] > git rev-parse --show-toplevel [17ms]
2025-08-13 13:09:12.335 [info] fatal: not a git repository (or any of the parent directories): .git
2025-08-13 13:09:12.344 [info] > git rev-parse --show-toplevel [3ms]
2025-08-13 13:09:12.344 [info] fatal: not a git repository (or any of the parent directories): .git
2025-08-13 13:09:12.355 [info] > git rev-parse --show-toplevel [3ms]
2025-08-13 13:09:12.355 [info] fatal: not a git repository (or any of the parent directories): .git
2025-08-13 13:09:12.362 [info] > git rev-parse --show-toplevel [1ms]
2025-08-13 13:09:12.362 [info] fatal: not a git repository (or any of the parent directories): .git
2025-08-13 13:09:12.372 [info] > git rev-parse --show-toplevel [3ms]
2025-08-13 13:09:12.372 [info] fatal: not a git repository (or any of the parent directories): .git
2025-08-13 13:09:12.378 [info] > git rev-parse --show-toplevel [1ms]
2025-08-13 13:09:12.378 [info] fatal: not a git repository (or any of the parent directories): .git
2025-08-13 13:09:12.386 [info] > git rev-parse --show-toplevel [2ms]
2025-08-13 13:09:12.386 [info] fatal: not a git repository (or any of the parent directories): .git
2025-08-13 13:09:12.394 [info] > git rev-parse --show-toplevel [2ms]
2025-08-13 13:09:12.394 [info] fatal: not a git repository (or any of the parent directories): .git
2025-08-13 13:09:12.407 [info] > git rev-parse --show-toplevel [2ms]
2025-08-13 13:09:12.407 [info] fatal: not a git repository (or any of the parent directories): .git
2025-08-13 13:09:12.415 [info] > git rev-parse --show-toplevel [2ms]
2025-08-13 13:09:12.416 [info] fatal: not a git repository (or any of the parent directories): .git
2025-08-13 13:09:12.425 [info] > git rev-parse --show-toplevel [1ms]
2025-08-13 13:09:12.425 [info] fatal: not a git repository (or any of the parent directories): .git
2025-08-13 13:09:12.436 [info] > git rev-parse --show-toplevel [3ms]
2025-08-13 13:09:12.436 [info] fatal: not a git repository (or any of the parent directories): .git
2025-08-13 13:09:12.448 [info] > git rev-parse --show-toplevel [2ms]
2025-08-13 13:09:12.448 [info] fatal: not a git repository (or any of the parent directories): .git
2025-08-13 13:09:12.456 [info] > git rev-parse --show-toplevel [1ms]
2025-08-13 13:09:12.456 [info] fatal: not a git repository (or any of the parent directories): .git
2025-08-13 13:09:12.463 [info] > git rev-parse --show-toplevel [1ms]
2025-08-13 13:09:12.463 [info] fatal: not a git repository (or any of the parent directories): .git
2025-08-13 13:09:12.473 [info] > git rev-parse --show-toplevel [2ms]
2025-08-13 13:09:12.473 [info] fatal: not a git repository (or any of the parent directories): .git
2025-08-13 13:09:12.483 [info] > git rev-parse --show-toplevel [3ms]
2025-08-13 13:09:12.483 [info] fatal: not a git repository (or any of the parent directories): .git
2025-08-13 13:09:12.492 [info] > git rev-parse --show-toplevel [2ms]
2025-08-13 13:09:12.492 [info] fatal: not a git repository (or any of the parent directories): .git
2025-08-13 13:09:12.502 [info] > git rev-parse --show-toplevel [2ms]
2025-08-13 13:09:12.502 [info] fatal: not a git repository (or any of the parent directories): .git
2025-08-13 13:09:12.514 [info] > git rev-parse --show-toplevel [5ms]
2025-08-13 13:09:12.514 [info] fatal: not a git repository (or any of the parent directories): .git
2025-08-13 13:09:12.522 [info] > git rev-parse --show-toplevel [2ms]
2025-08-13 13:09:12.522 [info] fatal: not a git repository (or any of the parent directories): .git
2025-08-13 13:09:12.529 [info] > git rev-parse --show-toplevel [1ms]
2025-08-13 13:09:12.529 [info] fatal: not a git repository (or any of the parent directories): .git
2025-08-13 13:09:12.538 [info] > git rev-parse --show-toplevel [2ms]
2025-08-13 13:09:12.538 [info] fatal: not a git repository (or any of the parent directories): .git
2025-08-13 13:09:12.547 [info] > git rev-parse --show-toplevel [2ms]
2025-08-13 13:09:12.547 [info] fatal: not a git repository (or any of the parent directories): .git
2025-08-13 13:09:12.558 [info] > git rev-parse --show-toplevel [2ms]
2025-08-13 13:09:12.558 [info] fatal: not a git repository (or any of the parent directories): .git
2025-08-13 13:09:12.568 [info] > git rev-parse --show-toplevel [3ms]
2025-08-13 13:09:12.568 [info] fatal: not a git repository (or any of the parent directories): .git
2025-08-13 13:09:12.578 [info] > git rev-parse --show-toplevel [1ms]
2025-08-13 13:09:12.578 [info] fatal: not a git repository (or any of the parent directories): .git
2025-08-13 13:09:12.586 [info] [Model][doInitialScan] Initial repository scan completed - repositories (0), closed repositories (0), parent repositories (0), unsafe repositories (0)
2025-08-13 13:09:12.595 [info] > git rev-parse --show-toplevel [2ms]
2025-08-13 13:09:12.595 [info] fatal: not a git repository (or any of the parent directories): .git
2025-08-13 13:09:12.651 [info] > git rev-parse --show-toplevel [2ms]
2025-08-13 13:09:12.651 [info] fatal: not a git repository (or any of the parent directories): .git
2025-08-13 13:09:13.182 [info] > git rev-parse --show-toplevel [4ms]
2025-08-13 13:09:13.182 [info] fatal: not a git repository (or any of the parent directories): .git
2025-08-13 13:09:13.306 [info] > git rev-parse --show-toplevel [2ms]
2025-08-13 13:09:13.307 [info] fatal: not a git repository (or any of the parent directories): .git
