2025-08-12 18:23:21.629 [info] Extension host with pid 2865 started
2025-08-12 18:23:21.856 [info] ExtensionService#_doActivateExtension vscode.github-authentication, startup: false, activationEvent: 'onAuthenticationRequest:github'
2025-08-12 18:23:21.908 [info] ExtensionService#_doActivateExtension vscode.emmet, startup: false, activationEvent: 'onLanguage'
2025-08-12 18:23:21.953 [info] ExtensionService#_doActivateExtension vscode.configuration-editing, startup: false, activationEvent: 'onLanguage:json'
2025-08-12 18:23:21.976 [info] ExtensionService#_doActivateExtension vscode.extension-editing, startup: false, activationEvent: 'onLanguage:json'
2025-08-12 18:23:22.012 [info] ExtensionService#_doActivateExtension vscode.json-language-features, startup: false, activationEvent: 'onLanguage:json'
2025-08-12 18:23:22.162 [info] ExtensionService#_doActivateExtension vscode.npm, startup: false, activationEvent: 'onLanguage:json'
2025-08-12 18:23:22.704 [info] ExtensionService#_doActivateExtension vscode.git-base, startup: true, activationEvent: '*'
2025-08-12 18:23:22.762 [info] ExtensionService#_doActivateExtension vscode.github, startup: true, activationEvent: '*'
2025-08-12 18:23:22.913 [info] Eager extensions activated
2025-08-12 18:23:22.915 [info] ExtensionService#_doActivateExtension vscode.debug-auto-launch, startup: false, activationEvent: 'onStartupFinished'
2025-08-12 18:23:22.920 [info] ExtensionService#_doActivateExtension vscode.merge-conflict, startup: false, activationEvent: 'onStartupFinished'
2025-08-12 18:23:23.361 [info] Extension host terminating: renderer closed the MessagePort
2025-08-12 18:23:23.383 [info] Extension host with pid 2865 exiting with code 0
2025-08-12 18:23:25.236 [info] Extension host with pid 2923 started
2025-08-12 18:23:25.236 [info] Skipping acquiring lock for /home/keitharwil/.config/Code/User/workspaceStorage/a0d0241111be433fc87e024c822154fc.
2025-08-12 18:23:25.351 [info] ExtensionService#_doActivateExtension vscode.github-authentication, startup: false, activationEvent: 'onAuthenticationRequest:github'
2025-08-12 18:23:25.401 [info] ExtensionService#_doActivateExtension vscode.emmet, startup: false, activationEvent: 'onLanguage'
2025-08-12 18:23:25.565 [info] ExtensionService#_doActivateExtension vscode.git-base, startup: true, activationEvent: '*', root cause: vscode.git
2025-08-12 18:23:25.614 [info] ExtensionService#_doActivateExtension vscode.git, startup: true, activationEvent: '*'
2025-08-12 18:23:25.720 [info] ExtensionService#_doActivateExtension vscode.github, startup: true, activationEvent: '*'
2025-08-12 18:23:26.068 [info] Eager extensions activated
2025-08-12 18:23:26.110 [info] ExtensionService#_doActivateExtension vscode.debug-auto-launch, startup: false, activationEvent: 'onStartupFinished'
2025-08-12 18:23:26.115 [info] ExtensionService#_doActivateExtension vscode.merge-conflict, startup: false, activationEvent: 'onStartupFinished'
2025-08-12 18:24:50.055 [info] Extension host terminating: renderer closed the MessagePort
2025-08-12 18:24:50.095 [info] Extension host with pid 2923 exiting with code 0
