8/11/2025, 11:27:11 PM GMT+8 0: 

----------------------------------------------
8/11/2025, 11:27:11 PM GMT+8 1: Discord starting: {"releaseChannel":"stable","version":"0.0.104"}, modulepath: /home/keitharwil/.config/discord/0.0.104/modules
8/11/2025, 11:27:11 PM GMT+8 2: ✅ webContents.created web1 "index.html"
8/11/2025, 11:27:11 PM GMT+8 3: ✅ window.created win1 "discord"
8/11/2025, 11:27:12 PM GMT+8 4: ✅ webContents.did-finish-load web1
8/11/2025, 11:28:01 PM GMT+8 5: ✅ webContents.created web2 ""
8/11/2025, 11:28:01 PM GMT+8 6: ✅ window.created win2 "Discord"
8/11/2025, 11:28:11 PM GMT+8 7: ✅ webContents.did-finish-load web2
8/11/2025, 11:28:12 PM GMT+8 8: window.close win1
8/11/2025, 11:28:12 PM GMT+8 9: webContents.destroyed web1
8/11/2025, 11:28:12 PM GMT+8 10: window.closed win1
8/12/2025, 9:06:58 AM GMT+8 11: before-quit
8/12/2025, 9:06:58 AM GMT+8 12: window.close win2
8/12/2025, 9:06:58 AM GMT+8 13: ❌ child-process-gone {
  type: 'Utility',
  reason: 'killed',
  exitCode: 15,
  serviceName: 'network.mojom.NetworkService',
  name: 'Network Service'
}
8/12/2025, 9:06:58 AM GMT+8 14: ❌ child-process-gone {
  type: 'Utility',
  reason: 'killed',
  exitCode: 15,
  serviceName: 'video_capture.mojom.VideoCaptureService',
  name: 'Video Capture'
}
8/12/2025, 9:06:58 AM GMT+8 15: ❌ child-process-gone {
  type: 'Utility',
  reason: 'killed',
  exitCode: 15,
  serviceName: 'audio.mojom.AudioService',
  name: 'Audio Service'
}
8/12/2025, 3:26:02 PM GMT+8 0: 

----------------------------------------------
8/12/2025, 3:26:02 PM GMT+8 1: Discord starting: {"releaseChannel":"stable","version":"0.0.104"}, modulepath: /home/keitharwil/.config/discord/0.0.104/modules
8/12/2025, 3:26:02 PM GMT+8 2: ✅ webContents.created web1 ""
8/12/2025, 3:26:02 PM GMT+8 3: ✅ window.created win1 "discord"
8/12/2025, 3:26:02 PM GMT+8 4: ✅ webContents.did-finish-load web1
8/12/2025, 3:26:03 PM GMT+8 5: ✅ webContents.created web2 ""
8/12/2025, 3:26:03 PM GMT+8 6: ✅ window.created win2 "Discord"
8/12/2025, 3:26:11 PM GMT+8 7: ✅ webContents.did-finish-load web2
8/12/2025, 3:26:13 PM GMT+8 8: window.close win1
8/12/2025, 3:26:13 PM GMT+8 9: webContents.destroyed web1
8/12/2025, 3:26:13 PM GMT+8 10: window.closed win1
8/12/2025, 3:55:12 PM GMT+8 0: 

----------------------------------------------
8/12/2025, 3:55:12 PM GMT+8 1: Discord starting: {"releaseChannel":"stable","version":"0.0.104"}, modulepath: /home/keitharwil/.config/discord/0.0.104/modules
8/12/2025, 3:58:31 PM GMT+8 0: 

----------------------------------------------
8/12/2025, 3:58:31 PM GMT+8 1: Discord starting: {"releaseChannel":"stable","version":"0.0.104"}, modulepath: /home/keitharwil/.config/discord/0.0.104/modules
8/12/2025, 6:05:31 PM GMT+8 11: before-quit
8/12/2025, 6:05:31 PM GMT+8 12: window.close win2
8/13/2025, 3:50:24 PM GMT+8 0: 

----------------------------------------------
8/13/2025, 3:50:24 PM GMT+8 1: Discord starting: {"releaseChannel":"stable","version":"0.0.104"}, modulepath: /home/keitharwil/.config/discord/0.0.104/modules
8/13/2025, 3:50:24 PM GMT+8 2: ✅ webContents.created web1 ""
8/13/2025, 3:50:24 PM GMT+8 3: ✅ window.created win1 "discord"
8/13/2025, 3:50:25 PM GMT+8 4: ✅ webContents.did-finish-load web1
8/13/2025, 3:50:25 PM GMT+8 5: ✅ webContents.created web2 ""
8/13/2025, 3:50:25 PM GMT+8 6: ✅ window.created win2 "Discord"
8/13/2025, 3:50:31 PM GMT+8 7: ✅ webContents.did-finish-load web2
8/13/2025, 3:50:32 PM GMT+8 8: window.close win1
8/13/2025, 3:50:32 PM GMT+8 9: webContents.destroyed web1
8/13/2025, 3:50:32 PM GMT+8 10: window.closed win1
8/13/2025, 6:56:11 PM GMT+8 11: window.close win2
8/13/2025, 8:27:15 PM GMT+8 12: ❌ child-process-gone {
  type: 'Utility',
  reason: 'killed',
  exitCode: 15,
  serviceName: 'audio.mojom.AudioService',
  name: 'Audio Service'
}
8/13/2025, 8:27:15 PM GMT+8 13: before-quit
8/13/2025, 8:27:15 PM GMT+8 14: window.close win2
8/13/2025, 8:27:15 PM GMT+8 15: ❌ child-process-gone {
  type: 'Utility',
  reason: 'killed',
  exitCode: 15,
  serviceName: 'network.mojom.NetworkService',
  name: 'Network Service'
}
8/15/2025, 2:45:32 PM GMT+8 0: 

----------------------------------------------
8/15/2025, 2:45:32 PM GMT+8 1: Discord starting: {"releaseChannel":"stable","version":"0.0.104"}, modulepath: /home/keitharwil/.config/discord/0.0.104/modules
8/15/2025, 2:45:32 PM GMT+8 2: ✅ webContents.created web1 ""
8/15/2025, 2:45:32 PM GMT+8 3: ✅ window.created win1 "discord"
8/15/2025, 2:45:32 PM GMT+8 4: ✅ webContents.did-finish-load web1
8/15/2025, 2:45:33 PM GMT+8 5: ✅ webContents.created web2 ""
8/15/2025, 2:45:33 PM GMT+8 6: ✅ window.created win2 "Discord"
8/15/2025, 2:45:40 PM GMT+8 7: ✅ webContents.did-finish-load web2
8/15/2025, 2:45:41 PM GMT+8 8: window.close win1
8/15/2025, 2:45:41 PM GMT+8 9: webContents.destroyed web1
8/15/2025, 2:45:41 PM GMT+8 10: window.closed win1
