2025-08-13 12:43:58.446 [info] [main] Log level: Info
2025-08-13 12:43:58.446 [info] [main] Validating found git in: "git"
2025-08-13 12:43:58.446 [info] [main] Using git "2.50.1" from "git"
2025-08-13 12:43:58.446 [info] [Model][doInitialScan] Initial repository scan started
2025-08-13 12:43:58.446 [info] > git rev-parse --show-toplevel [27ms]
2025-08-13 12:43:58.446 [info] fatal: not a git repository (or any of the parent directories): .git
2025-08-13 12:43:58.446 [info] > git rev-parse --show-toplevel [1ms]
2025-08-13 12:43:58.446 [info] fatal: not a git repository (or any of the parent directories): .git
2025-08-13 12:43:58.446 [info] > git rev-parse --show-toplevel [2ms]
2025-08-13 12:43:58.446 [info] fatal: not a git repository (or any of the parent directories): .git
2025-08-13 12:43:58.446 [info] > git rev-parse --show-toplevel [2ms]
2025-08-13 12:43:58.446 [info] fatal: not a git repository (or any of the parent directories): .git
2025-08-13 12:43:58.446 [info] > git rev-parse --show-toplevel [2ms]
2025-08-13 12:43:58.446 [info] fatal: not a git repository (or any of the parent directories): .git
2025-08-13 12:43:58.446 [info] > git rev-parse --show-toplevel [3ms]
2025-08-13 12:43:58.446 [info] fatal: not a git repository (or any of the parent directories): .git
2025-08-13 12:43:58.446 [info] > git rev-parse --show-toplevel [2ms]
2025-08-13 12:43:58.446 [info] fatal: not a git repository (or any of the parent directories): .git
2025-08-13 12:43:58.446 [info] > git rev-parse --show-toplevel [4ms]
2025-08-13 12:43:58.446 [info] fatal: not a git repository (or any of the parent directories): .git
2025-08-13 12:43:58.446 [info] > git rev-parse --show-toplevel [1ms]
2025-08-13 12:43:58.446 [info] fatal: not a git repository (or any of the parent directories): .git
2025-08-13 12:43:58.446 [info] > git rev-parse --show-toplevel [2ms]
2025-08-13 12:43:58.446 [info] fatal: not a git repository (or any of the parent directories): .git
2025-08-13 12:43:58.446 [info] > git rev-parse --show-toplevel [2ms]
2025-08-13 12:43:58.446 [info] fatal: not a git repository (or any of the parent directories): .git
2025-08-13 12:43:58.446 [info] > git rev-parse --show-toplevel [49ms]
2025-08-13 12:43:58.446 [info] fatal: not a git repository (or any of the parent directories): .git
2025-08-13 12:43:58.447 [info] > git rev-parse --show-toplevel [42ms]
2025-08-13 12:43:58.447 [info] fatal: not a git repository (or any of the parent directories): .git
2025-08-13 12:43:58.493 [info] > git rev-parse --show-toplevel [4ms]
2025-08-13 12:43:58.493 [info] fatal: not a git repository (or any of the parent directories): .git
2025-08-13 12:43:58.501 [info] > git rev-parse --show-toplevel [2ms]
2025-08-13 12:43:58.501 [info] fatal: not a git repository (or any of the parent directories): .git
2025-08-13 12:43:58.508 [info] > git rev-parse --show-toplevel [2ms]
2025-08-13 12:43:58.508 [info] fatal: not a git repository (or any of the parent directories): .git
2025-08-13 12:43:58.512 [info] > git rev-parse --show-toplevel [1ms]
2025-08-13 12:43:58.512 [info] fatal: not a git repository (or any of the parent directories): .git
2025-08-13 12:43:58.520 [info] > git rev-parse --show-toplevel [2ms]
2025-08-13 12:43:58.520 [info] fatal: not a git repository (or any of the parent directories): .git
2025-08-13 12:43:58.527 [info] > git rev-parse --show-toplevel [2ms]
2025-08-13 12:43:58.527 [info] fatal: not a git repository (or any of the parent directories): .git
2025-08-13 12:43:58.534 [info] > git rev-parse --show-toplevel [2ms]
2025-08-13 12:43:58.534 [info] fatal: not a git repository (or any of the parent directories): .git
2025-08-13 12:43:58.541 [info] > git rev-parse --show-toplevel [2ms]
2025-08-13 12:43:58.541 [info] fatal: not a git repository (or any of the parent directories): .git
2025-08-13 12:43:58.546 [info] > git rev-parse --show-toplevel [1ms]
2025-08-13 12:43:58.546 [info] fatal: not a git repository (or any of the parent directories): .git
2025-08-13 12:43:58.554 [info] > git rev-parse --show-toplevel [2ms]
2025-08-13 12:43:58.554 [info] fatal: not a git repository (or any of the parent directories): .git
2025-08-13 12:43:58.561 [info] > git rev-parse --show-toplevel [2ms]
2025-08-13 12:43:58.561 [info] fatal: not a git repository (or any of the parent directories): .git
2025-08-13 12:43:58.567 [info] > git rev-parse --show-toplevel [1ms]
2025-08-13 12:43:58.568 [info] fatal: not a git repository (or any of the parent directories): .git
2025-08-13 12:43:58.574 [info] > git rev-parse --show-toplevel [2ms]
2025-08-13 12:43:58.574 [info] fatal: not a git repository (or any of the parent directories): .git
2025-08-13 12:43:58.578 [info] > git rev-parse --show-toplevel [1ms]
2025-08-13 12:43:58.578 [info] fatal: not a git repository (or any of the parent directories): .git
2025-08-13 12:43:58.585 [info] > git rev-parse --show-toplevel [2ms]
2025-08-13 12:43:58.585 [info] fatal: not a git repository (or any of the parent directories): .git
2025-08-13 12:43:58.592 [info] > git rev-parse --show-toplevel [2ms]
2025-08-13 12:43:58.592 [info] fatal: not a git repository (or any of the parent directories): .git
2025-08-13 12:43:58.598 [info] > git rev-parse --show-toplevel [2ms]
2025-08-13 12:43:58.598 [info] fatal: not a git repository (or any of the parent directories): .git
2025-08-13 12:43:58.605 [info] > git rev-parse --show-toplevel [1ms]
2025-08-13 12:43:58.605 [info] fatal: not a git repository (or any of the parent directories): .git
2025-08-13 12:43:58.610 [info] > git rev-parse --show-toplevel [1ms]
2025-08-13 12:43:58.610 [info] fatal: not a git repository (or any of the parent directories): .git
2025-08-13 12:43:58.616 [info] > git rev-parse --show-toplevel [2ms]
2025-08-13 12:43:58.616 [info] fatal: not a git repository (or any of the parent directories): .git
2025-08-13 12:43:58.623 [info] > git rev-parse --show-toplevel [2ms]
2025-08-13 12:43:58.623 [info] fatal: not a git repository (or any of the parent directories): .git
2025-08-13 12:43:58.629 [info] > git rev-parse --show-toplevel [2ms]
2025-08-13 12:43:58.629 [info] fatal: not a git repository (or any of the parent directories): .git
2025-08-13 12:43:58.636 [info] > git rev-parse --show-toplevel [2ms]
2025-08-13 12:43:58.636 [info] fatal: not a git repository (or any of the parent directories): .git
2025-08-13 12:43:58.642 [info] > git rev-parse --show-toplevel [2ms]
2025-08-13 12:43:58.642 [info] fatal: not a git repository (or any of the parent directories): .git
2025-08-13 12:43:58.647 [info] > git rev-parse --show-toplevel [1ms]
2025-08-13 12:43:58.647 [info] fatal: not a git repository (or any of the parent directories): .git
2025-08-13 12:43:58.653 [info] [Model][doInitialScan] Initial repository scan completed - repositories (0), closed repositories (0), parent repositories (0), unsafe repositories (0)
2025-08-13 12:44:02.275 [info] > git rev-parse --show-toplevel [2ms]
2025-08-13 12:44:02.275 [info] fatal: not a git repository (or any of the parent directories): .git
2025-08-13 12:44:02.322 [info] > git rev-parse --show-toplevel [2ms]
2025-08-13 12:44:02.322 [info] fatal: not a git repository (or any of the parent directories): .git
2025-08-13 12:44:02.576 [info] > git rev-parse --show-toplevel [1ms]
2025-08-13 12:44:02.576 [info] fatal: not a git repository (or any of the parent directories): .git
2025-08-13 12:44:02.775 [info] > git rev-parse --show-toplevel [2ms]
2025-08-13 12:44:02.775 [info] fatal: not a git repository (or any of the parent directories): .git
2025-08-13 12:44:02.939 [info] > git rev-parse --show-toplevel [2ms]
2025-08-13 12:44:02.939 [info] fatal: not a git repository (or any of the parent directories): .git
2025-08-13 12:44:12.788 [info] > git rev-parse --show-toplevel [3ms]
2025-08-13 12:44:12.788 [info] fatal: not a git repository (or any of the parent directories): .git
2025-08-13 12:45:25.354 [info] > git rev-parse --show-toplevel [6ms]
2025-08-13 12:45:25.354 [info] fatal: not a git repository (or any of the parent directories): .git
2025-08-13 12:46:16.174 [info] > git rev-parse --show-toplevel [56ms]
2025-08-13 12:46:16.174 [info] fatal: not a git repository (or any of the parent directories): .git
2025-08-13 12:46:26.239 [info] > git rev-parse --show-toplevel [3ms]
2025-08-13 12:46:26.239 [info] fatal: not a git repository (or any of the parent directories): .git
2025-08-13 12:46:27.113 [info] > git rev-parse --show-toplevel [1ms]
2025-08-13 12:46:27.113 [info] fatal: not a git repository (or any of the parent directories): .git
2025-08-13 12:52:17.251 [info] > git rev-parse --show-toplevel [9ms]
2025-08-13 12:52:17.251 [info] fatal: not a git repository (or any of the parent directories): .git
2025-08-13 12:52:19.301 [info] > git rev-parse --show-toplevel [2ms]
2025-08-13 12:52:19.301 [info] fatal: not a git repository (or any of the parent directories): .git
2025-08-13 12:56:08.973 [info] > git rev-parse --show-toplevel [2ms]
2025-08-13 12:56:08.973 [info] fatal: not a git repository (or any of the parent directories): .git
