2025-08-15 15:11:31.012 [info] [main] Log level: Info
2025-08-15 15:11:31.012 [info] [main] Validating found git in: "git"
2025-08-15 15:11:31.012 [info] [main] Using git "2.50.1" from "git"
2025-08-15 15:11:31.012 [info] [Model][doInitialScan] Initial repository scan started
2025-08-15 15:11:31.012 [info] > git rev-parse --show-toplevel [12ms]
2025-08-15 15:11:31.014 [info] > git rev-parse --git-dir --git-common-dir --show-superproject-working-tree [3ms]
2025-08-15 15:11:31.027 [info] [Model][openRepository] Opened repository (path): /home/keitharwil/MYSHIT/repos/hyprland-dots
2025-08-15 15:11:31.027 [info] [Model][openRepository] Opened repository (real path): /home/keitharwil/MYSHIT/repos/hyprland-dots
2025-08-15 15:11:31.027 [info] [Model][openRepository] Opened repository (kind): repository
2025-08-15 15:11:31.033 [info] [Model][doInitialScan] Initial repository scan completed - repositories (1), closed repositories (0), parent repositories (0), unsafe repositories (0)
2025-08-15 15:11:31.041 [info] > git config --get commit.template [2ms]
2025-08-15 15:11:31.050 [info] > git for-each-ref --format=%(refname)%00%(upstream:short)%00%(objectname)%00%(upstream:track)%00%(upstream:remotename)%00%(upstream:remoteref) refs/heads/main refs/remotes/main [4ms]
2025-08-15 15:11:31.054 [warning] [Git][revParse] Unable to read file: ENOENT: no such file or directory, open '/home/keitharwil/MYSHIT/repos/hyprland-dots/.git/refs/remotes/origin/main'
2025-08-15 15:11:31.077 [info] > git rev-parse refs/remotes/origin/main [23ms]
2025-08-15 15:11:31.104 [info] > git status -z -uall [21ms]
2025-08-15 15:11:31.104 [info] > git for-each-ref --sort -committerdate --format %(refname)%00%(objectname)%00%(*objectname) [16ms]
2025-08-15 15:11:31.136 [info] > git for-each-ref --format=%(refname)%00%(upstream:short)%00%(objectname)%00%(upstream:track)%00%(upstream:remotename)%00%(upstream:remoteref) refs/heads/main refs/remotes/main [10ms]
2025-08-15 15:11:31.142 [info] > git config --get --local branch.main.vscode-merge-base [1ms]
2025-08-15 15:11:31.142 [warning] [Git][config] git config failed: Failed to execute git
2025-08-15 15:11:31.146 [info] > git config --get commit.template [11ms]
2025-08-15 15:11:31.151 [info] > git reflog main --grep-reflog=branch: Created from *. [5ms]
2025-08-15 15:11:31.162 [info] > git symbolic-ref --short refs/remotes/origin/HEAD [5ms]
2025-08-15 15:11:31.168 [info] > git for-each-ref --format=%(refname)%00%(upstream:short)%00%(objectname)%00%(upstream:track)%00%(upstream:remotename)%00%(upstream:remoteref) refs/heads/main refs/remotes/main [7ms]
2025-08-15 15:11:31.173 [warning] [Git][revParse] Unable to read file: ENOENT: no such file or directory, open '/home/keitharwil/MYSHIT/repos/hyprland-dots/.git/refs/remotes/origin/main'
2025-08-15 15:11:31.173 [info] > git for-each-ref --format=%(refname)%00%(upstream:short)%00%(objectname)%00%(upstream:track)%00%(upstream:remotename)%00%(upstream:remoteref) refs/heads/origin/main refs/remotes/origin/main [5ms]
2025-08-15 15:11:31.179 [info] > git rev-parse refs/remotes/origin/main [7ms]
2025-08-15 15:11:31.190 [info] > git status -z -uall [5ms]
2025-08-15 15:11:31.190 [info] > git config --add --local branch.main.vscode-merge-base origin/main [12ms]
2025-08-15 15:11:31.191 [info] > git for-each-ref --sort -committerdate --format %(refname)%00%(objectname)%00%(*objectname) [2ms] (cancelled)
2025-08-15 15:11:31.204 [info] > git config --get commit.template [8ms]
2025-08-15 15:11:31.205 [info] > git for-each-ref --format=%(refname)%00%(upstream:short)%00%(objectname)%00%(upstream:track)%00%(upstream:remotename)%00%(upstream:remoteref) refs/heads/main refs/remotes/main [2ms]
2025-08-15 15:11:31.208 [warning] [Git][revParse] Unable to read file: ENOENT: no such file or directory, open '/home/keitharwil/MYSHIT/repos/hyprland-dots/.git/refs/remotes/origin/main'
2025-08-15 15:11:31.209 [info] > git rev-parse refs/remotes/origin/main [1ms]
2025-08-15 15:11:31.221 [info] > git status -z -uall [6ms]
2025-08-15 15:11:31.221 [info] > git for-each-ref --sort -committerdate --format %(refname)%00%(objectname)%00%(*objectname) [1ms]
2025-08-15 15:11:31.236 [info] > git merge-base refs/heads/main refs/remotes/origin/main [7ms]
2025-08-15 15:11:31.240 [info] > git merge-base refs/heads/main refs/remotes/origin/main [5ms]
2025-08-15 15:11:31.244 [info] > git diff --name-status -z --diff-filter=ADMR 93ff28f36daa1909588c0f54fdd4214dad72b087...refs/remotes/origin/main [5ms]
2025-08-15 15:11:31.245 [info] > git diff --name-status -z --diff-filter=ADMR 93ff28f36daa1909588c0f54fdd4214dad72b087...refs/remotes/origin/main [1ms]
2025-08-15 15:11:31.593 [info] > git check-ignore -v -z --stdin [1ms]
2025-08-15 15:11:32.272 [info] > git config --get commit.template [4ms]
2025-08-15 15:11:32.273 [info] > git for-each-ref --format=%(refname)%00%(upstream:short)%00%(objectname)%00%(upstream:track)%00%(upstream:remotename)%00%(upstream:remoteref) refs/heads/main refs/remotes/main [1ms]
2025-08-15 15:11:32.276 [warning] [Git][revParse] Unable to read file: ENOENT: no such file or directory, open '/home/keitharwil/MYSHIT/repos/hyprland-dots/.git/refs/remotes/origin/main'
2025-08-15 15:11:32.276 [info] > git rev-parse refs/remotes/origin/main [0ms]
2025-08-15 15:11:32.286 [info] > git status -z -uall [4ms]
2025-08-15 15:11:32.287 [info] > git for-each-ref --sort -committerdate --format %(refname)%00%(objectname)%00%(*objectname) [1ms]
2025-08-15 15:11:32.946 [info] > git show --textconv :README.md [9ms]
2025-08-15 15:11:32.948 [info] > git ls-files --stage -- README.md [3ms]
2025-08-15 15:11:32.955 [info] > git cat-file -s f276edea9f3126465aa37e5de28ea9b11f982b45 [1ms]
2025-08-15 15:11:33.258 [info] > git blame --root --incremental 93ff28f36daa1909588c0f54fdd4214dad72b087 -- README.md [94ms]
2025-08-15 15:12:53.542 [info] > git config --get commit.template [12ms]
2025-08-15 15:12:53.544 [info] > git for-each-ref --format=%(refname)%00%(upstream:short)%00%(objectname)%00%(upstream:track)%00%(upstream:remotename)%00%(upstream:remoteref) refs/heads/main refs/remotes/main [3ms]
2025-08-15 15:12:53.550 [warning] [Git][revParse] Unable to read file: ENOENT: no such file or directory, open '/home/keitharwil/MYSHIT/repos/hyprland-dots/.git/refs/remotes/origin/main'
2025-08-15 15:12:53.551 [info] > git rev-parse refs/remotes/origin/main [1ms]
2025-08-15 15:12:53.566 [info] > git status -z -uall [10ms]
2025-08-15 15:12:53.567 [info] > git for-each-ref --sort -committerdate --format %(refname)%00%(objectname)%00%(*objectname) [2ms]
2025-08-15 15:13:08.673 [info] > git config --get commit.template [5ms]
2025-08-15 15:13:08.674 [info] > git for-each-ref --format=%(refname)%00%(upstream:short)%00%(objectname)%00%(upstream:track)%00%(upstream:remotename)%00%(upstream:remoteref) refs/heads/main refs/remotes/main [1ms]
2025-08-15 15:13:08.677 [warning] [Git][revParse] Unable to read file: ENOENT: no such file or directory, open '/home/keitharwil/MYSHIT/repos/hyprland-dots/.git/refs/remotes/origin/main'
2025-08-15 15:13:08.678 [info] > git rev-parse refs/remotes/origin/main [1ms]
2025-08-15 15:13:08.689 [info] > git status -z -uall [6ms]
2025-08-15 15:13:08.689 [info] > git for-each-ref --sort -committerdate --format %(refname)%00%(objectname)%00%(*objectname) [1ms]
2025-08-15 15:13:15.590 [info] > git config --get commit.template [11ms]
2025-08-15 15:13:15.591 [info] > git for-each-ref --format=%(refname)%00%(upstream:short)%00%(objectname)%00%(upstream:track)%00%(upstream:remotename)%00%(upstream:remoteref) refs/heads/main refs/remotes/main [2ms]
2025-08-15 15:13:15.598 [warning] [Git][revParse] Unable to read file: ENOENT: no such file or directory, open '/home/keitharwil/MYSHIT/repos/hyprland-dots/.git/refs/remotes/origin/main'
2025-08-15 15:13:15.599 [info] > git rev-parse refs/remotes/origin/main [1ms]
2025-08-15 15:13:15.611 [info] > git status -z -uall [8ms]
2025-08-15 15:13:15.613 [info] > git for-each-ref --sort -committerdate --format %(refname)%00%(objectname)%00%(*objectname) [2ms]
2025-08-15 15:13:56.199 [info] > git config --get commit.template [1ms]
2025-08-15 15:13:56.206 [info] > git for-each-ref --format=%(refname)%00%(upstream:short)%00%(objectname)%00%(upstream:track)%00%(upstream:remotename)%00%(upstream:remoteref) refs/heads/main refs/remotes/main [2ms]
2025-08-15 15:13:56.211 [warning] [Git][revParse] Unable to read file: ENOENT: no such file or directory, open '/home/keitharwil/MYSHIT/repos/hyprland-dots/.git/refs/remotes/origin/main'
2025-08-15 15:13:56.212 [info] > git rev-parse refs/remotes/origin/main [1ms]
2025-08-15 15:13:56.224 [info] > git status -z -uall [7ms]
2025-08-15 15:13:56.225 [info] > git for-each-ref --sort -committerdate --format %(refname)%00%(objectname)%00%(*objectname) [2ms]
2025-08-15 15:14:12.919 [info] > git log --format=%H%n%aN%n%aE%n%at%n%ct%n%P%n%D%n%B -z --shortstat --diff-merges=first-parent -n50 --skip=0 --topo-order --decorate=full --stdin [1ms]
2025-08-15 15:15:07.654 [info] > git config --get commit.template [8ms]
2025-08-15 15:15:07.661 [info] > git ls-files --stage -- README.md [8ms]
2025-08-15 15:15:07.666 [info] > git for-each-ref --format=%(refname)%00%(upstream:short)%00%(objectname)%00%(upstream:track)%00%(upstream:remotename)%00%(upstream:remoteref) refs/heads/main refs/remotes/main [7ms]
2025-08-15 15:15:07.670 [warning] [Git][revParse] Unable to read file: ENOENT: no such file or directory, open '/home/keitharwil/MYSHIT/repos/hyprland-dots/.git/refs/remotes/origin/main'
2025-08-15 15:15:07.671 [info] > git cat-file -s 204c95aeec0860f1f0026c4dc5fc71a7df919e3f [6ms]
2025-08-15 15:15:07.671 [info] > git rev-parse refs/remotes/origin/main [1ms]
2025-08-15 15:15:07.683 [info] > git status -z -uall [5ms]
2025-08-15 15:15:07.688 [info] > git for-each-ref --sort -committerdate --format %(refname)%00%(objectname)%00%(*objectname) [6ms]
2025-08-15 15:15:07.704 [info] > git show --textconv :README.md [16ms]
2025-08-15 15:15:07.704 [info] > git blame --root --incremental 26139a86004683ecf1e5eaa9cf3f914afe5796a6 -- README.md [7ms]
2025-08-15 15:15:07.705 [info] > git merge-base refs/heads/main refs/remotes/origin/main [3ms]
2025-08-15 15:15:07.715 [info] > git diff --name-status -z --diff-filter=ADMR 93ff28f36daa1909588c0f54fdd4214dad72b087...refs/remotes/origin/main [4ms]
2025-08-15 15:15:16.137 [info] > git config --get commit.template [8ms]
2025-08-15 15:15:16.138 [info] > git for-each-ref --format=%(refname)%00%(upstream:short)%00%(objectname)%00%(upstream:track)%00%(upstream:remotename)%00%(upstream:remoteref) refs/heads/main refs/remotes/main [2ms]
2025-08-15 15:15:16.142 [warning] [Git][revParse] Unable to read file: ENOENT: no such file or directory, open '/home/keitharwil/MYSHIT/repos/hyprland-dots/.git/refs/remotes/origin/main'
2025-08-15 15:15:16.143 [info] > git rev-parse refs/remotes/origin/main [1ms]
2025-08-15 15:15:16.152 [info] > git status -z -uall [6ms]
2025-08-15 15:15:16.153 [info] > git for-each-ref --sort -committerdate --format %(refname)%00%(objectname)%00%(*objectname) [3ms]
2025-08-15 15:15:20.075 [info] > git ls-files --stage -- README.md [3ms]
2025-08-15 15:15:20.083 [info] > git cat-file -s 204c95aeec0860f1f0026c4dc5fc71a7df919e3f [2ms]
2025-08-15 15:15:20.094 [info] > git show --textconv :README.md [2ms]
2025-08-15 15:15:21.169 [info] > git config --get commit.template [7ms]
2025-08-15 15:15:21.170 [info] > git for-each-ref --format=%(refname)%00%(upstream:short)%00%(objectname)%00%(upstream:track)%00%(upstream:remotename)%00%(upstream:remoteref) refs/heads/main refs/remotes/main [1ms]
2025-08-15 15:15:21.182 [info] > git status -z -uall [8ms]
2025-08-15 15:15:21.183 [info] > git for-each-ref --sort -committerdate --format %(refname)%00%(objectname)%00%(*objectname) [2ms]
2025-08-15 15:15:21.194 [info] > git merge-base refs/heads/main refs/remotes/origin/main [3ms]
2025-08-15 15:15:21.201 [info] > git diff --name-status -z --diff-filter=ADMR 26139a86004683ecf1e5eaa9cf3f914afe5796a6...refs/remotes/origin/main [2ms]
