[2025-Aug-11 23:28:29.474 +08:00][43897:43897][info ] Logging initialized
[2025-Aug-11 23:28:29.474 +08:00][43897:43897][info ] Initializing krisp SDK...
[2025-Aug-11 23:28:29.474 +08:00][43897:43897][info ] DoKrispInitialize
[2025-Aug-11 23:28:29.921 +08:00][43897:43897][info ] LoadDynamicKrisp
[2025-Aug-11 23:28:29.921 +08:00][43897:43897][info ] Did not find KRISP_DYLIB_PATH, skipping dynamic loading
[2025-Aug-11 23:28:29.921 +08:00][43897:43897][info ] Initializing Krisp SDK in PID 43897, addr 0x7f9fa2b09ab0
[2025-Aug-11 23:28:29.922 +08:00][43897:43897][info ] Initialized Krisp SDK successfully
[2025-Aug-11 23:28:29.922 +08:00][43897:43897][info ] Krisp SDK initialized
[2025-Aug-12 15:26:13.096 +08:00][139684:139684][info ] Logging initialized
[2025-Aug-12 15:26:13.096 +08:00][139684:139684][info ] Initializing krisp SDK...
[2025-Aug-12 15:26:13.096 +08:00][139684:139684][info ] DoKrispInitialize
[2025-Aug-12 15:26:13.591 +08:00][139684:139684][info ] LoadDynamicKrisp
[2025-Aug-12 15:26:13.591 +08:00][139684:139684][info ] Did not find KRISP_DYLIB_PATH, skipping dynamic loading
[2025-Aug-12 15:26:13.591 +08:00][139684:139684][info ] Initializing Krisp SDK in PID 139684, addr 0x7fb7c1419ab0
[2025-Aug-12 15:26:13.594 +08:00][139684:139684][info ] Initialized Krisp SDK successfully
[2025-Aug-12 15:26:13.594 +08:00][139684:139684][info ] Krisp SDK initialized
[2025-Aug-13 15:50:32.245 +08:00][ 7120: 7120][info ] Logging initialized
[2025-Aug-13 15:50:32.245 +08:00][ 7120: 7120][info ] Initializing krisp SDK...
[2025-Aug-13 15:50:32.245 +08:00][ 7120: 7120][info ] DoKrispInitialize
[2025-Aug-13 15:50:32.752 +08:00][ 7120: 7120][info ] LoadDynamicKrisp
[2025-Aug-13 15:50:32.752 +08:00][ 7120: 7120][info ] Did not find KRISP_DYLIB_PATH, skipping dynamic loading
[2025-Aug-13 15:50:32.752 +08:00][ 7120: 7120][info ] Initializing Krisp SDK in PID 7120, addr 0x7f013d619ab0
[2025-Aug-13 15:50:32.755 +08:00][ 7120: 7120][info ] Initialized Krisp SDK successfully
[2025-Aug-13 15:50:32.755 +08:00][ 7120: 7120][info ] Krisp SDK initialized
[2025-Aug-15 14:45:41.640 +08:00][64424:64424][info ] Logging initialized
[2025-Aug-15 14:45:41.640 +08:00][64424:64424][info ] Initializing krisp SDK...
[2025-Aug-15 14:45:41.640 +08:00][64424:64424][info ] DoKrispInitialize
[2025-Aug-15 14:45:42.163 +08:00][64424:64424][info ] LoadDynamicKrisp
[2025-Aug-15 14:45:42.163 +08:00][64424:64424][info ] Did not find KRISP_DYLIB_PATH, skipping dynamic loading
[2025-Aug-15 14:45:42.163 +08:00][64424:64424][info ] Initializing Krisp SDK in PID 64424, addr 0x7f8364419ab0
[2025-Aug-15 14:45:42.168 +08:00][64424:64424][info ] Initialized Krisp SDK successfully
[2025-Aug-15 14:45:42.168 +08:00][64424:64424][info ] Krisp SDK initialized
