2025-08-13 16:12:42.681 [info] Extension host with pid 14884 started
2025-08-13 16:12:42.779 [info] ExtensionService#_doActivateExtension vscode.github-authentication, startup: false, activationEvent: 'onAuthenticationRequest:github'
2025-08-13 16:12:42.847 [info] ExtensionService#_doActivateExtension vscode.git-base, startup: true, activationEvent: '*', root cause: vscode.git
2025-08-13 16:12:42.855 [info] ExtensionService#_doActivateExtension vscode.git, startup: true, activationEvent: '*'
2025-08-13 16:12:42.911 [info] ExtensionService#_doActivateExtension vscode.github, startup: true, activationEvent: '*'
2025-08-13 16:12:43.077 [info] Eager extensions activated
2025-08-13 16:12:43.145 [info] ExtensionService#_doActivateExtension vscode.debug-auto-launch, startup: false, activationEvent: 'onStartupFinished'
2025-08-13 16:12:43.147 [info] ExtensionService#_doActivateExtension vscode.merge-conflict, startup: false, activationEvent: 'onStartupFinished'
2025-08-13 16:12:43.166 [info] ExtensionService#_doActivateExtension Catppuccin.catppuccin-vsc, startup: false, activationEvent: 'onStartupFinished'
2025-08-13 16:12:44.165 [info] Extension host terminating: renderer closed the MessagePort
2025-08-13 16:12:44.199 [error] ProxyResolver#addCertificatesV1 Canceled: Canceled
	at new lR (file:///opt/visual-studio-code/resources/app/out/vs/workbench/api/node/extensionHostProcess.js:29:115042)
	at C4.U (file:///opt/visual-studio-code/resources/app/out/vs/workbench/api/node/extensionHostProcess.js:29:119652)
	at s.<computed>.n.charCodeAt.s.<computed> (file:///opt/visual-studio-code/resources/app/out/vs/workbench/api/node/extensionHostProcess.js:29:117146)
	at Cb.loadCertificates (file:///opt/visual-studio-code/resources/app/out/vs/workbench/api/node/extensionHostProcess.js:109:73534)
	at Object.loadAdditionalCertificates (file:///opt/visual-studio-code/resources/app/out/vs/workbench/api/node/extensionHostProcess.js:198:22911)
	at /opt/visual-studio-code/resources/app/node_modules/@vscode/proxy-agent/out/index.js:723:53
	at Generator.next (<anonymous>)
	at /opt/visual-studio-code/resources/app/node_modules/@vscode/proxy-agent/out/index.js:35:71
	at new Promise (<anonymous>)
	at __awaiter (/opt/visual-studio-code/resources/app/node_modules/@vscode/proxy-agent/out/index.js:31:12)
	at /opt/visual-studio-code/resources/app/node_modules/@vscode/proxy-agent/out/index.js:722:43
	at /opt/visual-studio-code/resources/app/node_modules/@vscode/proxy-agent/out/index.js:724:16
	at Generator.next (<anonymous>)
	at /opt/visual-studio-code/resources/app/node_modules/@vscode/proxy-agent/out/index.js:35:71
	at new Promise (<anonymous>)
	at __awaiter (/opt/visual-studio-code/resources/app/node_modules/@vscode/proxy-agent/out/index.js:31:12)
	at getOrLoadAdditionalCertificates (/opt/visual-studio-code/resources/app/node_modules/@vscode/proxy-agent/out/index.js:720:12)
	at addCertificatesToOptionsV1 (/opt/visual-studio-code/resources/app/node_modules/@vscode/proxy-agent/out/index.js:699:9)
	at resolveProxyWithRequest (/opt/visual-studio-code/resources/app/node_modules/@vscode/proxy-agent/out/index.js:114:9)
	at /opt/visual-studio-code/resources/app/node_modules/@vscode/proxy-agent/out/index.js:346:77
	at new Promise (<anonymous>)
	at PacProxyAgent.resolveP [as resolver] (/opt/visual-studio-code/resources/app/node_modules/@vscode/proxy-agent/out/index.js:346:54)
	at PacProxyAgent.<anonymous> (/opt/visual-studio-code/resources/app/node_modules/@vscode/proxy-agent/out/agent.js:74:37)
	at Generator.next (<anonymous>)
	at /opt/visual-studio-code/resources/app/node_modules/@vscode/proxy-agent/out/agent.js:8:71
	at new Promise (<anonymous>)
	at __awaiter (/opt/visual-studio-code/resources/app/node_modules/@vscode/proxy-agent/out/agent.js:4:12)
	at PacProxyAgent.connect (/opt/visual-studio-code/resources/app/node_modules/@vscode/proxy-agent/out/agent.js:56:16)
	at /opt/visual-studio-code/resources/app/node_modules/agent-base/dist/index.js:132:30
2025-08-13 16:12:44.200 [info] Extension host with pid 14884 exiting with code 0
