2025-08-13 16:12:35.625 [info] [main] Log level: Info
2025-08-13 16:12:35.625 [info] [main] Validating found git in: "git"
2025-08-13 16:12:35.625 [info] [main] Using git "2.50.1" from "git"
2025-08-13 16:12:35.625 [info] [Model][doInitialScan] Initial repository scan started
2025-08-13 16:12:35.625 [info] > git rev-parse --show-toplevel [11ms]
2025-08-13 16:12:35.625 [info] fatal: not a git repository (or any of the parent directories): .git
2025-08-13 16:12:35.625 [info] > git rev-parse --show-toplevel [1ms]
2025-08-13 16:12:35.625 [info] fatal: not a git repository (or any of the parent directories): .git
2025-08-13 16:12:35.625 [info] > git rev-parse --show-toplevel [2ms]
2025-08-13 16:12:35.625 [info] fatal: not a git repository (or any of the parent directories): .git
2025-08-13 16:12:35.625 [info] > git rev-parse --show-toplevel [1ms]
2025-08-13 16:12:35.625 [info] fatal: not a git repository (or any of the parent directories): .git
2025-08-13 16:12:35.625 [info] > git rev-parse --show-toplevel [1ms]
2025-08-13 16:12:35.625 [info] fatal: not a git repository (or any of the parent directories): .git
2025-08-13 16:12:35.625 [info] > git rev-parse --show-toplevel [6ms]
2025-08-13 16:12:35.625 [info] fatal: not a git repository (or any of the parent directories): .git
2025-08-13 16:12:35.625 [info] > git rev-parse --show-toplevel [3ms]
2025-08-13 16:12:35.625 [info] fatal: not a git repository (or any of the parent directories): .git
2025-08-13 16:12:35.625 [info] > git rev-parse --show-toplevel [1ms]
2025-08-13 16:12:35.625 [info] fatal: not a git repository (or any of the parent directories): .git
2025-08-13 16:12:35.625 [info] > git rev-parse --show-toplevel [1ms]
2025-08-13 16:12:35.625 [info] fatal: not a git repository (or any of the parent directories): .git
2025-08-13 16:12:35.626 [info] > git rev-parse --show-toplevel [27ms]
2025-08-13 16:12:35.626 [info] fatal: not a git repository (or any of the parent directories): .git
2025-08-13 16:12:35.658 [info] > git rev-parse --show-toplevel [29ms]
2025-08-13 16:12:35.659 [info] fatal: not a git repository (or any of the parent directories): .git
2025-08-13 16:12:35.686 [info] > git rev-parse --show-toplevel [2ms]
2025-08-13 16:12:35.686 [info] fatal: not a git repository (or any of the parent directories): .git
2025-08-13 16:12:35.691 [info] > git rev-parse --show-toplevel [3ms]
2025-08-13 16:12:35.691 [info] fatal: not a git repository (or any of the parent directories): .git
2025-08-13 16:12:35.697 [info] > git rev-parse --show-toplevel [2ms]
2025-08-13 16:12:35.697 [info] fatal: not a git repository (or any of the parent directories): .git
2025-08-13 16:12:35.702 [info] > git rev-parse --show-toplevel [1ms]
2025-08-13 16:12:35.702 [info] fatal: not a git repository (or any of the parent directories): .git
2025-08-13 16:12:35.708 [info] > git rev-parse --show-toplevel [1ms]
2025-08-13 16:12:35.708 [info] fatal: not a git repository (or any of the parent directories): .git
2025-08-13 16:12:35.713 [info] > git rev-parse --show-toplevel [1ms]
2025-08-13 16:12:35.713 [info] fatal: not a git repository (or any of the parent directories): .git
2025-08-13 16:12:35.717 [info] > git rev-parse --show-toplevel [1ms]
2025-08-13 16:12:35.717 [info] fatal: not a git repository (or any of the parent directories): .git
2025-08-13 16:12:35.721 [info] > git rev-parse --show-toplevel [1ms]
2025-08-13 16:12:35.721 [info] fatal: not a git repository (or any of the parent directories): .git
2025-08-13 16:12:35.725 [info] > git rev-parse --show-toplevel [1ms]
2025-08-13 16:12:35.725 [info] fatal: not a git repository (or any of the parent directories): .git
2025-08-13 16:12:35.734 [info] > git rev-parse --show-toplevel [5ms]
2025-08-13 16:12:35.734 [info] fatal: not a git repository (or any of the parent directories): .git
2025-08-13 16:12:35.737 [info] > git rev-parse --show-toplevel [1ms]
2025-08-13 16:12:35.737 [info] fatal: not a git repository (or any of the parent directories): .git
2025-08-13 16:12:35.742 [info] > git rev-parse --show-toplevel [2ms]
2025-08-13 16:12:35.742 [info] fatal: not a git repository (or any of the parent directories): .git
2025-08-13 16:12:35.746 [info] > git rev-parse --show-toplevel [1ms]
2025-08-13 16:12:35.746 [info] fatal: not a git repository (or any of the parent directories): .git
2025-08-13 16:12:35.751 [info] > git rev-parse --show-toplevel [1ms]
2025-08-13 16:12:35.751 [info] fatal: not a git repository (or any of the parent directories): .git
2025-08-13 16:12:35.755 [info] > git rev-parse --show-toplevel [1ms]
2025-08-13 16:12:35.755 [info] fatal: not a git repository (or any of the parent directories): .git
2025-08-13 16:12:35.759 [info] > git rev-parse --show-toplevel [1ms]
2025-08-13 16:12:35.759 [info] fatal: not a git repository (or any of the parent directories): .git
2025-08-13 16:12:35.764 [info] > git rev-parse --show-toplevel [1ms]
2025-08-13 16:12:35.764 [info] fatal: not a git repository (or any of the parent directories): .git
2025-08-13 16:12:35.768 [info] > git rev-parse --show-toplevel [1ms]
2025-08-13 16:12:35.768 [info] fatal: not a git repository (or any of the parent directories): .git
2025-08-13 16:12:35.771 [info] > git rev-parse --show-toplevel [1ms]
2025-08-13 16:12:35.771 [info] fatal: not a git repository (or any of the parent directories): .git
2025-08-13 16:12:35.776 [info] > git rev-parse --show-toplevel [1ms]
2025-08-13 16:12:35.776 [info] fatal: not a git repository (or any of the parent directories): .git
2025-08-13 16:12:35.782 [info] > git rev-parse --show-toplevel [2ms]
2025-08-13 16:12:35.782 [info] fatal: not a git repository (or any of the parent directories): .git
2025-08-13 16:12:35.786 [info] > git rev-parse --show-toplevel [1ms]
2025-08-13 16:12:35.786 [info] fatal: not a git repository (or any of the parent directories): .git
2025-08-13 16:12:35.790 [info] > git rev-parse --show-toplevel [1ms]
2025-08-13 16:12:35.790 [info] fatal: not a git repository (or any of the parent directories): .git
2025-08-13 16:12:35.796 [info] > git rev-parse --show-toplevel [1ms]
2025-08-13 16:12:35.796 [info] fatal: not a git repository (or any of the parent directories): .git
2025-08-13 16:12:35.800 [info] > git rev-parse --show-toplevel [1ms]
2025-08-13 16:12:35.800 [info] fatal: not a git repository (or any of the parent directories): .git
2025-08-13 16:12:35.803 [info] > git rev-parse --show-toplevel [0ms]
2025-08-13 16:12:35.803 [info] fatal: not a git repository (or any of the parent directories): .git
2025-08-13 16:12:35.807 [info] > git rev-parse --show-toplevel [1ms]
2025-08-13 16:12:35.807 [info] fatal: not a git repository (or any of the parent directories): .git
2025-08-13 16:12:35.812 [info] > git rev-parse --show-toplevel [2ms]
2025-08-13 16:12:35.812 [info] fatal: not a git repository (or any of the parent directories): .git
2025-08-13 16:12:35.815 [info] [Model][doInitialScan] Initial repository scan completed - repositories (0), closed repositories (0), parent repositories (0), unsafe repositories (0)
2025-08-13 16:12:35.820 [info] > git rev-parse --show-toplevel [1ms]
2025-08-13 16:12:35.820 [info] fatal: not a git repository (or any of the parent directories): .git
2025-08-13 16:12:35.827 [info] > git rev-parse --show-toplevel [2ms]
2025-08-13 16:12:35.827 [info] fatal: not a git repository (or any of the parent directories): .git
2025-08-13 16:12:35.857 [info] > git rev-parse --show-toplevel [2ms]
2025-08-13 16:12:35.857 [info] fatal: not a git repository (or any of the parent directories): .git
2025-08-13 16:12:36.870 [info] > git rev-parse --show-toplevel [1ms]
2025-08-13 16:12:36.870 [info] fatal: not a git repository (or any of the parent directories): .git
